2026-06-08 09:10:48,037 INFO axes.apps AXES: BEGIN version 8.3.1, blocking by combination of ip_address and username
2026-06-08 09:11:02,174 INFO axes.apps AXES: BEGIN version 8.3.1, blocking by combination of ip_address and username
2026-06-08 09:11:02,682 INFO axes.apps AXES: BEGIN version 8.3.1, blocking by combination of ip_address and username
2026-06-08 09:17:05,063 INFO axes.apps AXES: BEGIN version 8.3.1, blocking by combination of ip_address and username
2026-06-08 09:23:18,591 INFO axes.apps AXES: BEGIN version 8.3.1, blocking by combination of ip_address and username
2026-06-08 09:23:25,871 INFO axes.apps AXES: BEGIN version 8.3.1, blocking by combination of ip_address and username
2026-06-08 09:23:26,557 INFO axes.apps AXES: BEGIN version 8.3.1, blocking by combination of ip_address and username
2026-06-08 09:26:12,857 INFO axes.apps AXES: BEGIN version 8.3.1, blocking by combination of ip_address and username
2026-06-08 09:26:13,247 INFO axes.handlers.database AXES: User login failed, running database handler for failure.
2026-06-08 09:26:13,247 INFO axes.handlers.database AXES: Cleaned up 0 expired access attempts from database that were older than 2026-06-08 00:56:13.211338+00:00
2026-06-08 09:26:13,249 WARNING axes.handlers.database AXES: New login failure by {username: "********************", ip_address: "********************", user_agent: "<unknown>", path_info: "/accounts/login/"}. Created new record in the database.
2026-06-08 09:26:13,326 INFO axes.handlers.database AXES: Successful login by {username: "********************", ip_address: "********************", user_agent: "<unknown>", path_info: "/accounts/login/"}.
2026-06-08 09:26:13,326 INFO axes.handlers.database AXES: Cleaned up 0 expired access attempts from database that were older than 2026-06-08 00:56:13.293985+00:00
2026-06-08 09:26:13,328 INFO axes.handlers.database AXES: Reset 0 access attempts from database.
2026-06-08 09:26:13,328 INFO axes.handlers.database AXES: Deleted 0 failed login attempts by {username: "********************", ip_address: "********************", user_agent: "<unknown>", path_info: "/accounts/login/"} from database.
2026-06-08 09:26:13,602 INFO axes.handlers.database AXES: Successful login by {username: "********************", ip_address: "********************", user_agent: "<unknown>", path_info: "<unknown>"}.
2026-06-08 09:26:13,602 INFO axes.handlers.database AXES: Cleaned up 0 expired access attempts from database that were older than 2026-06-08 00:56:13.602910+00:00
2026-06-08 09:26:13,604 INFO axes.handlers.database AXES: Reset 0 access attempts from database.
2026-06-08 09:26:13,604 INFO axes.handlers.database AXES: Deleted 0 failed login attempts by {username: "********************", ip_address: "********************", user_agent: "<unknown>", path_info: "<unknown>"} from database.
2026-06-08 09:26:13,732 INFO axes.handlers.database AXES: Successful login by {username: "********************", ip_address: "********************", user_agent: "<unknown>", path_info: "<unknown>"}.
2026-06-08 09:26:13,732 INFO axes.handlers.database AXES: Cleaned up 0 expired access attempts from database that were older than 2026-06-08 00:56:13.731140+00:00
2026-06-08 09:26:13,733 INFO axes.handlers.database AXES: Reset 0 access attempts from database.
2026-06-08 09:26:13,734 INFO axes.handlers.database AXES: Deleted 0 failed login attempts by {username: "********************", ip_address: "********************", user_agent: "<unknown>", path_info: "<unknown>"} from database.
2026-06-08 09:26:13,817 INFO axes.handlers.database AXES: Successful login by {username: "********************", ip_address: "********************", user_agent: "<unknown>", path_info: "<unknown>"}.
2026-06-08 09:26:13,818 INFO axes.handlers.database AXES: Cleaned up 0 expired access attempts from database that were older than 2026-06-08 00:56:13.817315+00:00
2026-06-08 09:26:13,819 INFO axes.handlers.database AXES: Reset 0 access attempts from database.
2026-06-08 09:26:13,820 INFO axes.handlers.database AXES: Deleted 0 failed login attempts by {username: "********************", ip_address: "********************", user_agent: "<unknown>", path_info: "<unknown>"} from database.
2026-06-08 09:26:13,986 INFO axes.handlers.database AXES: Successful login by {username: "********************", ip_address: "********************", user_agent: "<unknown>", path_info: "<unknown>"}.
2026-06-08 09:26:13,986 INFO axes.handlers.database AXES: Cleaned up 0 expired access attempts from database that were older than 2026-06-08 00:56:13.986118+00:00
2026-06-08 09:26:13,987 INFO axes.handlers.database AXES: Reset 0 access attempts from database.
2026-06-08 09:26:13,987 INFO axes.handlers.database AXES: Deleted 0 failed login attempts by {username: "********************", ip_address: "********************", user_agent: "<unknown>", path_info: "<unknown>"} from database.
2026-06-08 09:26:14,104 INFO axes.handlers.database AXES: Successful login by {username: "********************", ip_address: "********************", user_agent: "<unknown>", path_info: "<unknown>"}.
2026-06-08 09:26:14,105 INFO axes.handlers.database AXES: Cleaned up 0 expired access attempts from database that were older than 2026-06-08 00:56:14.104480+00:00
2026-06-08 09:26:14,107 INFO axes.handlers.database AXES: Reset 0 access attempts from database.
2026-06-08 09:26:14,107 INFO axes.handlers.database AXES: Deleted 0 failed login attempts by {username: "********************", ip_address: "********************", user_agent: "<unknown>", path_info: "<unknown>"} from database.
2026-06-08 09:26:14,173 INFO axes.handlers.database AXES: Successful login by {username: "********************", ip_address: "********************", user_agent: "<unknown>", path_info: "<unknown>"}.
2026-06-08 09:26:14,174 INFO axes.handlers.database AXES: Cleaned up 0 expired access attempts from database that were older than 2026-06-08 00:56:14.173086+00:00
2026-06-08 09:26:14,175 INFO axes.handlers.database AXES: Reset 0 access attempts from database.
2026-06-08 09:26:14,175 INFO axes.handlers.database AXES: Deleted 0 failed login attempts by {username: "********************", ip_address: "********************", user_agent: "<unknown>", path_info: "<unknown>"} from database.
2026-06-08 09:26:14,275 INFO axes.handlers.database AXES: Successful login by {username: "********************", ip_address: "********************", user_agent: "<unknown>", path_info: "<unknown>"}.
2026-06-08 09:26:14,276 INFO axes.handlers.database AXES: Cleaned up 0 expired access attempts from database that were older than 2026-06-08 00:56:14.275378+00:00
2026-06-08 09:26:14,277 INFO axes.handlers.database AXES: Reset 0 access attempts from database.
2026-06-08 09:26:14,277 INFO axes.handlers.database AXES: Deleted 0 failed login attempts by {username: "********************", ip_address: "********************", user_agent: "<unknown>", path_info: "<unknown>"} from database.
2026-06-08 09:26:14,450 INFO axes.handlers.database AXES: Successful login by {username: "********************", ip_address: "********************", user_agent: "<unknown>", path_info: "<unknown>"}.
2026-06-08 09:26:14,451 INFO axes.handlers.database AXES: Cleaned up 0 expired access attempts from database that were older than 2026-06-08 00:56:14.450567+00:00
2026-06-08 09:26:14,452 INFO axes.handlers.database AXES: Reset 0 access attempts from database.
2026-06-08 09:26:14,452 INFO axes.handlers.database AXES: Deleted 0 failed login attempts by {username: "********************", ip_address: "********************", user_agent: "<unknown>", path_info: "<unknown>"} from database.
2026-06-08 09:26:30,578 INFO axes.apps AXES: BEGIN version 8.3.1, blocking by combination of ip_address and username
2026-06-08 09:26:31,145 INFO axes.apps AXES: BEGIN version 8.3.1, blocking by combination of ip_address and username
2026-06-08 09:27:24,940 INFO axes.apps AXES: BEGIN version 8.3.1, blocking by combination of ip_address and username
2026-06-08 09:28:48,865 INFO axes.apps AXES: BEGIN version 8.3.1, blocking by combination of ip_address and username
2026-06-08 09:29:46,484 INFO axes.apps AXES: BEGIN version 8.3.1, blocking by combination of ip_address and username
2026-06-08 09:29:47,076 INFO axes.apps AXES: BEGIN version 8.3.1, blocking by combination of ip_address and username
2026-06-08 09:30:43,576 INFO axes.apps AXES: BEGIN version 8.3.1, blocking by combination of ip_address and username
2026-06-08 09:30:50,603 INFO axes.apps AXES: BEGIN version 8.3.1, blocking by combination of ip_address and username
2026-06-08 09:31:45,677 INFO axes.handlers.database AXES: Successful login by {username: "********************", ip_address: "********************", user_agent: "Mozilla/5.0 (Windows NT 10.0; Microsoft Windows 10.0.26100; en-MY) PowerShell/7.6.1", path_info: "/accounts/login/"}.
2026-06-08 09:31:45,678 INFO axes.handlers.database AXES: Cleaned up 0 expired access attempts from database that were older than 2026-06-08 01:01:45.616681+00:00
2026-06-08 09:31:45,688 INFO axes.handlers.database AXES: Reset 0 access attempts from database.
2026-06-08 09:31:45,688 INFO axes.handlers.database AXES: Deleted 0 failed login attempts by {username: "********************", ip_address: "********************", user_agent: "Mozilla/5.0 (Windows NT 10.0; Microsoft Windows 10.0.26100; en-MY) PowerShell/7.6.1", path_info: "/accounts/login/"} from database.
2026-06-08 09:32:11,578 INFO axes.handlers.database AXES: Successful login by {username: "********************", ip_address: "********************", user_agent: "Mozilla/5.0 (Windows NT 10.0; Microsoft Windows 10.0.26100; en-MY) PowerShell/7.6.1", path_info: "/accounts/login/"}.
2026-06-08 09:32:11,579 INFO axes.handlers.database AXES: Cleaned up 0 expired access attempts from database that were older than 2026-06-08 01:02:11.525599+00:00
2026-06-08 09:32:11,585 INFO axes.handlers.database AXES: Reset 0 access attempts from database.
2026-06-08 09:32:11,585 INFO axes.handlers.database AXES: Deleted 0 failed login attempts by {username: "********************", ip_address: "********************", user_agent: "Mozilla/5.0 (Windows NT 10.0; Microsoft Windows 10.0.26100; en-MY) PowerShell/7.6.1", path_info: "/accounts/login/"} from database.
2026-06-08 09:32:11,673 INFO axes.handlers.database AXES: Successful login by {username: "********************", ip_address: "********************", user_agent: "Mozilla/5.0 (Windows NT 10.0; Microsoft Windows 10.0.26100; en-MY) PowerShell/7.6.1", path_info: "/accounts/login/"}.
2026-06-08 09:32:11,674 INFO axes.handlers.database AXES: Cleaned up 0 expired access attempts from database that were older than 2026-06-08 01:02:11.632075+00:00
2026-06-08 09:32:11,679 INFO axes.handlers.database AXES: Reset 0 access attempts from database.
2026-06-08 09:32:11,679 INFO axes.handlers.database AXES: Deleted 0 failed login attempts by {username: "********************", ip_address: "********************", user_agent: "Mozilla/5.0 (Windows NT 10.0; Microsoft Windows 10.0.26100; en-MY) PowerShell/7.6.1", path_info: "/accounts/login/"} from database.
2026-06-08 09:33:32,055 INFO axes.apps AXES: BEGIN version 8.3.1, blocking by combination of ip_address and username
2026-06-08 09:36:01,110 INFO axes.apps AXES: BEGIN version 8.3.1, blocking by combination of ip_address and username
2026-06-08 09:36:01,429 INFO axes.handlers.database AXES: User login failed, running database handler for failure.
2026-06-08 09:36:01,430 INFO axes.handlers.database AXES: Cleaned up 0 expired access attempts from database that were older than 2026-06-08 01:06:01.399167+00:00
2026-06-08 09:36:01,431 WARNING axes.handlers.database AXES: New login failure by {username: "********************", ip_address: "********************", user_agent: "<unknown>", path_info: "/accounts/login/"}. Created new record in the database.
2026-06-08 09:36:01,601 INFO axes.handlers.database AXES: Successful login by {username: "********************", ip_address: "********************", user_agent: "<unknown>", path_info: "/accounts/login/"}.
2026-06-08 09:36:01,602 INFO axes.handlers.database AXES: Cleaned up 0 expired access attempts from database that were older than 2026-06-08 01:06:01.484884+00:00
2026-06-08 09:36:01,604 INFO axes.handlers.database AXES: Reset 0 access attempts from database.
2026-06-08 09:36:01,604 INFO axes.handlers.database AXES: Deleted 0 failed login attempts by {username: "********************", ip_address: "********************", user_agent: "<unknown>", path_info: "/accounts/login/"} from database.
2026-06-08 09:36:01,903 INFO axes.handlers.database AXES: Successful login by {username: "********************", ip_address: "********************", user_agent: "<unknown>", path_info: "<unknown>"}.
2026-06-08 09:36:01,903 INFO axes.handlers.database AXES: Cleaned up 0 expired access attempts from database that were older than 2026-06-08 01:06:01.903197+00:00
2026-06-08 09:36:01,904 INFO axes.handlers.database AXES: Reset 0 access attempts from database.
2026-06-08 09:36:01,904 INFO axes.handlers.database AXES: Deleted 0 failed login attempts by {username: "********************", ip_address: "********************", user_agent: "<unknown>", path_info: "<unknown>"} from database.
2026-06-08 09:36:02,009 INFO axes.handlers.database AXES: Successful login by {username: "********************", ip_address: "********************", user_agent: "<unknown>", path_info: "<unknown>"}.
2026-06-08 09:36:02,010 INFO axes.handlers.database AXES: Cleaned up 0 expired access attempts from database that were older than 2026-06-08 01:06:02.009954+00:00
2026-06-08 09:36:02,011 INFO axes.handlers.database AXES: Reset 0 access attempts from database.
2026-06-08 09:36:02,011 INFO axes.handlers.database AXES: Deleted 0 failed login attempts by {username: "********************", ip_address: "********************", user_agent: "<unknown>", path_info: "<unknown>"} from database.
2026-06-08 09:36:02,123 INFO axes.handlers.database AXES: Successful login by {username: "********************", ip_address: "********************", user_agent: "<unknown>", path_info: "<unknown>"}.
2026-06-08 09:36:02,124 INFO axes.handlers.database AXES: Cleaned up 0 expired access attempts from database that were older than 2026-06-08 01:06:02.123407+00:00
2026-06-08 09:36:02,125 INFO axes.handlers.database AXES: Reset 0 access attempts from database.
2026-06-08 09:36:02,126 INFO axes.handlers.database AXES: Deleted 0 failed login attempts by {username: "********************", ip_address: "********************", user_agent: "<unknown>", path_info: "<unknown>"} from database.
2026-06-08 09:36:02,264 INFO axes.handlers.database AXES: Successful login by {username: "********************", ip_address: "********************", user_agent: "<unknown>", path_info: "<unknown>"}.
2026-06-08 09:36:02,265 INFO axes.handlers.database AXES: Cleaned up 0 expired access attempts from database that were older than 2026-06-08 01:06:02.264621+00:00
2026-06-08 09:36:02,265 INFO axes.handlers.database AXES: Reset 0 access attempts from database.
2026-06-08 09:36:02,266 INFO axes.handlers.database AXES: Deleted 0 failed login attempts by {username: "********************", ip_address: "********************", user_agent: "<unknown>", path_info: "<unknown>"} from database.
2026-06-08 09:36:02,336 INFO axes.handlers.database AXES: Successful login by {username: "********************", ip_address: "********************", user_agent: "<unknown>", path_info: "<unknown>"}.
2026-06-08 09:36:02,336 INFO axes.handlers.database AXES: Cleaned up 0 expired access attempts from database that were older than 2026-06-08 01:06:02.336084+00:00
2026-06-08 09:36:02,337 INFO axes.handlers.database AXES: Reset 0 access attempts from database.
2026-06-08 09:36:02,337 INFO axes.handlers.database AXES: Deleted 0 failed login attempts by {username: "********************", ip_address: "********************", user_agent: "<unknown>", path_info: "<unknown>"} from database.
2026-06-08 09:36:02,377 INFO axes.handlers.database AXES: Successful login by {username: "********************", ip_address: "********************", user_agent: "<unknown>", path_info: "<unknown>"}.
2026-06-08 09:36:02,378 INFO axes.handlers.database AXES: Cleaned up 0 expired access attempts from database that were older than 2026-06-08 01:06:02.377468+00:00
2026-06-08 09:36:02,379 INFO axes.handlers.database AXES: Reset 0 access attempts from database.
2026-06-08 09:36:02,379 INFO axes.handlers.database AXES: Deleted 0 failed login attempts by {username: "********************", ip_address: "********************", user_agent: "<unknown>", path_info: "<unknown>"} from database.
2026-06-08 09:36:02,452 INFO axes.handlers.database AXES: Successful login by {username: "********************", ip_address: "********************", user_agent: "<unknown>", path_info: "<unknown>"}.
2026-06-08 09:36:02,453 INFO axes.handlers.database AXES: Cleaned up 0 expired access attempts from database that were older than 2026-06-08 01:06:02.452574+00:00
2026-06-08 09:36:02,453 INFO axes.handlers.database AXES: Reset 0 access attempts from database.
2026-06-08 09:36:02,454 INFO axes.handlers.database AXES: Deleted 0 failed login attempts by {username: "********************", ip_address: "********************", user_agent: "<unknown>", path_info: "<unknown>"} from database.
2026-06-08 09:36:02,600 INFO axes.handlers.database AXES: Successful login by {username: "********************", ip_address: "********************", user_agent: "<unknown>", path_info: "<unknown>"}.
2026-06-08 09:36:02,601 INFO axes.handlers.database AXES: Cleaned up 0 expired access attempts from database that were older than 2026-06-08 01:06:02.600156+00:00
2026-06-08 09:36:02,601 INFO axes.handlers.database AXES: Reset 0 access attempts from database.
2026-06-08 09:36:02,601 INFO axes.handlers.database AXES: Deleted 0 failed login attempts by {username: "********************", ip_address: "********************", user_agent: "<unknown>", path_info: "<unknown>"} from database.
2026-06-08 09:36:03,042 INFO axes.apps AXES: BEGIN version 8.3.1, blocking by combination of ip_address and username
2026-06-08 09:37:18,272 INFO axes.apps AXES: BEGIN version 8.3.1, blocking by combination of ip_address and username
2026-06-08 09:37:18,952 INFO axes.apps AXES: BEGIN version 8.3.1, blocking by combination of ip_address and username
2026-06-08 09:37:57,883 INFO axes.apps AXES: BEGIN version 8.3.1, blocking by combination of ip_address and username
2026-06-08 09:37:58,220 INFO axes.handlers.database AXES: User login failed, running database handler for failure.
2026-06-08 09:37:58,221 INFO axes.handlers.database AXES: Cleaned up 0 expired access attempts from database that were older than 2026-06-08 01:07:58.182429+00:00
2026-06-08 09:37:58,222 WARNING axes.handlers.database AXES: New login failure by {username: "********************", ip_address: "********************", user_agent: "<unknown>", path_info: "/accounts/login/"}. Created new record in the database.
2026-06-08 09:37:58,301 INFO axes.handlers.database AXES: Successful login by {username: "********************", ip_address: "********************", user_agent: "<unknown>", path_info: "/accounts/login/"}.
2026-06-08 09:37:58,303 INFO axes.handlers.database AXES: Cleaned up 0 expired access attempts from database that were older than 2026-06-08 01:07:58.268917+00:00
2026-06-08 09:37:58,304 INFO axes.handlers.database AXES: Reset 0 access attempts from database.
2026-06-08 09:37:58,304 INFO axes.handlers.database AXES: Deleted 0 failed login attempts by {username: "********************", ip_address: "********************", user_agent: "<unknown>", path_info: "/accounts/login/"} from database.
2026-06-08 09:37:58,576 INFO axes.handlers.database AXES: Successful login by {username: "********************", ip_address: "********************", user_agent: "<unknown>", path_info: "<unknown>"}.
2026-06-08 09:37:58,576 INFO axes.handlers.database AXES: Cleaned up 0 expired access attempts from database that were older than 2026-06-08 01:07:58.576444+00:00
2026-06-08 09:37:58,577 INFO axes.handlers.database AXES: Reset 0 access attempts from database.
2026-06-08 09:37:58,577 INFO axes.handlers.database AXES: Deleted 0 failed login attempts by {username: "********************", ip_address: "********************", user_agent: "<unknown>", path_info: "<unknown>"} from database.
2026-06-08 09:37:58,680 INFO axes.handlers.database AXES: Successful login by {username: "********************", ip_address: "********************", user_agent: "<unknown>", path_info: "<unknown>"}.
2026-06-08 09:37:58,681 INFO axes.handlers.database AXES: Cleaned up 0 expired access attempts from database that were older than 2026-06-08 01:07:58.680031+00:00
2026-06-08 09:37:58,681 INFO axes.handlers.database AXES: Reset 0 access attempts from database.
2026-06-08 09:37:58,681 INFO axes.handlers.database AXES: Deleted 0 failed login attempts by {username: "********************", ip_address: "********************", user_agent: "<unknown>", path_info: "<unknown>"} from database.
2026-06-08 09:37:58,786 INFO axes.handlers.database AXES: Successful login by {username: "********************", ip_address: "********************", user_agent: "<unknown>", path_info: "<unknown>"}.
2026-06-08 09:37:58,786 INFO axes.handlers.database AXES: Cleaned up 0 expired access attempts from database that were older than 2026-06-08 01:07:58.786046+00:00
2026-06-08 09:37:58,787 INFO axes.handlers.database AXES: Reset 0 access attempts from database.
2026-06-08 09:37:58,787 INFO axes.handlers.database AXES: Deleted 0 failed login attempts by {username: "********************", ip_address: "********************", user_agent: "<unknown>", path_info: "<unknown>"} from database.
2026-06-08 09:37:58,935 INFO axes.handlers.database AXES: Successful login by {username: "********************", ip_address: "********************", user_agent: "<unknown>", path_info: "<unknown>"}.
2026-06-08 09:37:58,935 INFO axes.handlers.database AXES: Cleaned up 0 expired access attempts from database that were older than 2026-06-08 01:07:58.935259+00:00
2026-06-08 09:37:58,936 INFO axes.handlers.database AXES: Reset 0 access attempts from database.
2026-06-08 09:37:58,936 INFO axes.handlers.database AXES: Deleted 0 failed login attempts by {username: "********************", ip_address: "********************", user_agent: "<unknown>", path_info: "<unknown>"} from database.
2026-06-08 09:37:59,005 INFO axes.handlers.database AXES: Successful login by {username: "********************", ip_address: "********************", user_agent: "<unknown>", path_info: "<unknown>"}.
2026-06-08 09:37:59,005 INFO axes.handlers.database AXES: Cleaned up 0 expired access attempts from database that were older than 2026-06-08 01:07:59.005196+00:00
2026-06-08 09:37:59,006 INFO axes.handlers.database AXES: Reset 0 access attempts from database.
2026-06-08 09:37:59,006 INFO axes.handlers.database AXES: Deleted 0 failed login attempts by {username: "********************", ip_address: "********************", user_agent: "<unknown>", path_info: "<unknown>"} from database.
2026-06-08 09:37:59,042 INFO axes.handlers.database AXES: Successful login by {username: "********************", ip_address: "********************", user_agent: "<unknown>", path_info: "<unknown>"}.
2026-06-08 09:37:59,043 INFO axes.handlers.database AXES: Cleaned up 0 expired access attempts from database that were older than 2026-06-08 01:07:59.042738+00:00
2026-06-08 09:37:59,044 INFO axes.handlers.database AXES: Reset 0 access attempts from database.
2026-06-08 09:37:59,044 INFO axes.handlers.database AXES: Deleted 0 failed login attempts by {username: "********************", ip_address: "********************", user_agent: "<unknown>", path_info: "<unknown>"} from database.
2026-06-08 09:37:59,111 INFO axes.handlers.database AXES: Successful login by {username: "********************", ip_address: "********************", user_agent: "<unknown>", path_info: "<unknown>"}.
2026-06-08 09:37:59,112 INFO axes.handlers.database AXES: Cleaned up 0 expired access attempts from database that were older than 2026-06-08 01:07:59.111562+00:00
2026-06-08 09:37:59,112 INFO axes.handlers.database AXES: Reset 0 access attempts from database.
2026-06-08 09:37:59,113 INFO axes.handlers.database AXES: Deleted 0 failed login attempts by {username: "********************", ip_address: "********************", user_agent: "<unknown>", path_info: "<unknown>"} from database.
2026-06-08 09:37:59,258 INFO axes.handlers.database AXES: Successful login by {username: "********************", ip_address: "********************", user_agent: "<unknown>", path_info: "<unknown>"}.
2026-06-08 09:37:59,259 INFO axes.handlers.database AXES: Cleaned up 0 expired access attempts from database that were older than 2026-06-08 01:07:59.258234+00:00
2026-06-08 09:37:59,259 INFO axes.handlers.database AXES: Reset 0 access attempts from database.
2026-06-08 09:37:59,259 INFO axes.handlers.database AXES: Deleted 0 failed login attempts by {username: "********************", ip_address: "********************", user_agent: "<unknown>", path_info: "<unknown>"} from database.
2026-06-08 09:50:23,798 INFO axes.apps AXES: BEGIN version 8.3.1, blocking by combination of ip_address and username
2026-06-08 09:50:24,760 INFO axes.apps AXES: BEGIN version 8.3.1, blocking by combination of ip_address and username
2026-06-08 09:54:37,838 INFO axes.apps AXES: BEGIN version 8.3.1, blocking by combination of ip_address and username
2026-06-08 09:57:21,121 INFO axes.handlers.database AXES: Successful login by {username: "********************", ip_address: "********************", user_agent: "Mozilla/5.0 (Windows NT 10.0; Microsoft Windows 10.0.26100; en-MY) PowerShell/7.6.1", path_info: "/accounts/login/"}.
2026-06-08 09:57:21,122 INFO axes.handlers.database AXES: Cleaned up 0 expired access attempts from database that were older than 2026-06-08 01:27:21.057336+00:00
2026-06-08 09:57:21,128 INFO axes.handlers.database AXES: Reset 0 access attempts from database.
2026-06-08 09:57:21,128 INFO axes.handlers.database AXES: Deleted 0 failed login attempts by {username: "********************", ip_address: "********************", user_agent: "Mozilla/5.0 (Windows NT 10.0; Microsoft Windows 10.0.26100; en-MY) PowerShell/7.6.1", path_info: "/accounts/login/"} from database.
2026-06-08 09:59:00,590 INFO axes.handlers.database AXES: User login failed, running database handler for failure.
2026-06-08 09:59:00,591 INFO axes.handlers.database AXES: Cleaned up 0 expired access attempts from database that were older than 2026-06-08 01:29:00.553458+00:00
2026-06-08 09:59:00,597 WARNING axes.handlers.database AXES: New login failure by {username: "********************", ip_address: "********************", user_agent: "Mozilla/5.0 (Windows NT 10.0; Win64; x64) AppleWebKit/537.36 (KHTML, like Gecko) Chrome/148.0.0.0 Safari/537.36", path_info: "/accounts/login/"}. Created new record in the database.
2026-06-08 09:59:10,439 INFO axes.handlers.database AXES: Successful login by {username: "********************", ip_address: "********************", user_agent: "Mozilla/5.0 (Windows NT 10.0; Win64; x64) AppleWebKit/537.36 (KHTML, like Gecko) Chrome/148.0.0.0 Safari/537.36", path_info: "/accounts/login/"}.
2026-06-08 09:59:10,440 INFO axes.handlers.database AXES: Cleaned up 0 expired access attempts from database that were older than 2026-06-08 01:29:10.394470+00:00
2026-06-08 09:59:10,446 INFO axes.handlers.database AXES: Reset 0 access attempts from database.
2026-06-08 09:59:10,447 INFO axes.handlers.database AXES: Deleted 0 failed login attempts by {username: "********************", ip_address: "********************", user_agent: "Mozilla/5.0 (Windows NT 10.0; Win64; x64) AppleWebKit/537.36 (KHTML, like Gecko) Chrome/148.0.0.0 Safari/537.36", path_info: "/accounts/login/"} from database.
2026-06-08 09:59:14,094 INFO axes.handlers.database AXES: Cleaned up 0 expired access attempts from database that were older than 2026-06-08 01:29:14.094468+00:00
2026-06-08 09:59:14,094 INFO axes.handlers.database AXES: Successful logout by {username: "********************", ip_address: "********************", user_agent: "Mozilla/5.0 (Windows NT 10.0; Win64; x64) AppleWebKit/537.36 (KHTML, like Gecko) Chrome/148.0.0.0 Safari/537.36", path_info: "/accounts/logout/"}.
2026-06-08 09:59:24,104 INFO axes.handlers.database AXES: Successful login by {username: "********************", ip_address: "********************", user_agent: "Mozilla/5.0 (Windows NT 10.0; Win64; x64) AppleWebKit/537.36 (KHTML, like Gecko) Chrome/148.0.0.0 Safari/537.36", path_info: "/accounts/login/"}.
2026-06-08 09:59:24,104 INFO axes.handlers.database AXES: Cleaned up 0 expired access attempts from database that were older than 2026-06-08 01:29:24.056057+00:00
2026-06-08 09:59:24,116 INFO axes.handlers.database AXES: Reset 1 access attempts from database.
2026-06-08 09:59:24,117 INFO axes.handlers.database AXES: Deleted 1 failed login attempts by {username: "********************", ip_address: "********************", user_agent: "Mozilla/5.0 (Windows NT 10.0; Win64; x64) AppleWebKit/537.36 (KHTML, like Gecko) Chrome/148.0.0.0 Safari/537.36", path_info: "/accounts/login/"} from database.
2026-06-08 10:08:03,489 INFO axes.apps AXES: BEGIN version 8.3.1, blocking by combination of ip_address and username
2026-06-08 10:08:29,302 INFO axes.apps AXES: BEGIN version 8.3.1, blocking by combination of ip_address and username
2026-06-08 10:08:47,683 INFO axes.apps AXES: BEGIN version 8.3.1, blocking by combination of ip_address and username
2026-06-08 10:08:48,374 INFO axes.apps AXES: BEGIN version 8.3.1, blocking by combination of ip_address and username
2026-06-08 10:10:11,231 INFO axes.apps AXES: BEGIN version 8.3.1, blocking by combination of ip_address and username
2026-06-08 10:10:21,651 INFO axes.apps AXES: BEGIN version 8.3.1, blocking by combination of ip_address and username
2026-06-08 10:10:21,959 INFO axes.handlers.database AXES: Successful login by {username: "********************", ip_address: "********************", user_agent: "<unknown>", path_info: "<unknown>"}.
2026-06-08 10:10:21,960 INFO axes.handlers.database AXES: Cleaned up 0 expired access attempts from database that were older than 2026-06-08 01:40:21.959825+00:00
2026-06-08 10:10:21,961 INFO axes.handlers.database AXES: Reset 0 access attempts from database.
2026-06-08 10:10:21,961 INFO axes.handlers.database AXES: Deleted 0 failed login attempts by {username: "********************", ip_address: "********************", user_agent: "<unknown>", path_info: "<unknown>"} from database.
2026-06-08 10:10:32,792 INFO axes.apps AXES: BEGIN version 8.3.1, blocking by combination of ip_address and username
2026-06-08 10:10:33,166 INFO axes.handlers.database AXES: User login failed, running database handler for failure.
2026-06-08 10:10:33,167 INFO axes.handlers.database AXES: Cleaned up 0 expired access attempts from database that were older than 2026-06-08 01:40:33.133164+00:00
2026-06-08 10:10:33,169 WARNING axes.handlers.database AXES: New login failure by {username: "********************", ip_address: "********************", user_agent: "<unknown>", path_info: "/accounts/login/"}. Created new record in the database.
2026-06-08 10:10:33,264 INFO axes.handlers.database AXES: Successful login by {username: "********************", ip_address: "********************", user_agent: "<unknown>", path_info: "/accounts/login/"}.
2026-06-08 10:10:33,265 INFO axes.handlers.database AXES: Cleaned up 0 expired access attempts from database that were older than 2026-06-08 01:40:33.228382+00:00
2026-06-08 10:10:33,266 INFO axes.handlers.database AXES: Reset 0 access attempts from database.
2026-06-08 10:10:33,266 INFO axes.handlers.database AXES: Deleted 0 failed login attempts by {username: "********************", ip_address: "********************", user_agent: "<unknown>", path_info: "/accounts/login/"} from database.
2026-06-08 10:10:33,524 INFO axes.handlers.database AXES: Successful login by {username: "********************", ip_address: "********************", user_agent: "<unknown>", path_info: "<unknown>"}.
2026-06-08 10:10:33,525 INFO axes.handlers.database AXES: Cleaned up 0 expired access attempts from database that were older than 2026-06-08 01:40:33.524182+00:00
2026-06-08 10:10:33,525 INFO axes.handlers.database AXES: Reset 0 access attempts from database.
2026-06-08 10:10:33,526 INFO axes.handlers.database AXES: Deleted 0 failed login attempts by {username: "********************", ip_address: "********************", user_agent: "<unknown>", path_info: "<unknown>"} from database.
2026-06-08 10:10:33,678 INFO axes.handlers.database AXES: Successful login by {username: "********************", ip_address: "********************", user_agent: "<unknown>", path_info: "<unknown>"}.
2026-06-08 10:10:33,679 INFO axes.handlers.database AXES: Cleaned up 0 expired access attempts from database that were older than 2026-06-08 01:40:33.678599+00:00
2026-06-08 10:10:33,680 INFO axes.handlers.database AXES: Reset 0 access attempts from database.
2026-06-08 10:10:33,680 INFO axes.handlers.database AXES: Deleted 0 failed login attempts by {username: "********************", ip_address: "********************", user_agent: "<unknown>", path_info: "<unknown>"} from database.
2026-06-08 10:10:33,811 INFO axes.handlers.database AXES: Successful login by {username: "********************", ip_address: "********************", user_agent: "<unknown>", path_info: "<unknown>"}.
2026-06-08 10:10:33,812 INFO axes.handlers.database AXES: Cleaned up 0 expired access attempts from database that were older than 2026-06-08 01:40:33.811083+00:00
2026-06-08 10:10:33,813 INFO axes.handlers.database AXES: Reset 0 access attempts from database.
2026-06-08 10:10:33,813 INFO axes.handlers.database AXES: Deleted 0 failed login attempts by {username: "********************", ip_address: "********************", user_agent: "<unknown>", path_info: "<unknown>"} from database.
2026-06-08 10:10:33,919 INFO axes.handlers.database AXES: Successful login by {username: "********************", ip_address: "********************", user_agent: "<unknown>", path_info: "<unknown>"}.
2026-06-08 10:10:33,920 INFO axes.handlers.database AXES: Cleaned up 0 expired access attempts from database that were older than 2026-06-08 01:40:33.919748+00:00
2026-06-08 10:10:33,921 INFO axes.handlers.database AXES: Reset 0 access attempts from database.
2026-06-08 10:10:33,921 INFO axes.handlers.database AXES: Deleted 0 failed login attempts by {username: "********************", ip_address: "********************", user_agent: "<unknown>", path_info: "<unknown>"} from database.
2026-06-08 10:10:34,088 INFO axes.handlers.database AXES: Successful login by {username: "********************", ip_address: "********************", user_agent: "<unknown>", path_info: "<unknown>"}.
2026-06-08 10:10:34,088 INFO axes.handlers.database AXES: Cleaned up 0 expired access attempts from database that were older than 2026-06-08 01:40:34.088108+00:00
2026-06-08 10:10:34,089 INFO axes.handlers.database AXES: Reset 0 access attempts from database.
2026-06-08 10:10:34,089 INFO axes.handlers.database AXES: Deleted 0 failed login attempts by {username: "********************", ip_address: "********************", user_agent: "<unknown>", path_info: "<unknown>"} from database.
2026-06-08 10:10:34,174 INFO axes.handlers.database AXES: Successful login by {username: "********************", ip_address: "********************", user_agent: "<unknown>", path_info: "<unknown>"}.
2026-06-08 10:10:34,175 INFO axes.handlers.database AXES: Cleaned up 0 expired access attempts from database that were older than 2026-06-08 01:40:34.174443+00:00
2026-06-08 10:10:34,176 INFO axes.handlers.database AXES: Reset 0 access attempts from database.
2026-06-08 10:10:34,176 INFO axes.handlers.database AXES: Deleted 0 failed login attempts by {username: "********************", ip_address: "********************", user_agent: "<unknown>", path_info: "<unknown>"} from database.
2026-06-08 10:10:34,222 INFO axes.handlers.database AXES: Successful login by {username: "********************", ip_address: "********************", user_agent: "<unknown>", path_info: "<unknown>"}.
2026-06-08 10:10:34,224 INFO axes.handlers.database AXES: Cleaned up 0 expired access attempts from database that were older than 2026-06-08 01:40:34.222980+00:00
2026-06-08 10:10:34,225 INFO axes.handlers.database AXES: Reset 0 access attempts from database.
2026-06-08 10:10:34,225 INFO axes.handlers.database AXES: Deleted 0 failed login attempts by {username: "********************", ip_address: "********************", user_agent: "<unknown>", path_info: "<unknown>"} from database.
2026-06-08 10:10:34,299 INFO axes.handlers.database AXES: Successful login by {username: "********************", ip_address: "********************", user_agent: "<unknown>", path_info: "<unknown>"}.
2026-06-08 10:10:34,299 INFO axes.handlers.database AXES: Cleaned up 0 expired access attempts from database that were older than 2026-06-08 01:40:34.299112+00:00
2026-06-08 10:10:34,300 INFO axes.handlers.database AXES: Reset 0 access attempts from database.
2026-06-08 10:10:34,300 INFO axes.handlers.database AXES: Deleted 0 failed login attempts by {username: "********************", ip_address: "********************", user_agent: "<unknown>", path_info: "<unknown>"} from database.
2026-06-08 10:10:34,457 INFO axes.handlers.database AXES: Successful login by {username: "********************", ip_address: "********************", user_agent: "<unknown>", path_info: "<unknown>"}.
2026-06-08 10:10:34,458 INFO axes.handlers.database AXES: Cleaned up 0 expired access attempts from database that were older than 2026-06-08 01:40:34.457988+00:00
2026-06-08 10:10:34,459 INFO axes.handlers.database AXES: Reset 0 access attempts from database.
2026-06-08 10:10:34,459 INFO axes.handlers.database AXES: Deleted 0 failed login attempts by {username: "********************", ip_address: "********************", user_agent: "<unknown>", path_info: "<unknown>"} from database.
2026-06-08 10:11:50,836 INFO axes.apps AXES: BEGIN version 8.3.1, blocking by combination of ip_address and username
2026-06-08 10:14:12,649 INFO axes.apps AXES: BEGIN version 8.3.1, blocking by combination of ip_address and username
2026-06-08 10:14:13,435 INFO axes.apps AXES: BEGIN version 8.3.1, blocking by combination of ip_address and username
2026-06-08 10:14:50,687 INFO axes.handlers.database AXES: Successful login by {username: "********************", ip_address: "********************", user_agent: "Mozilla/5.0 (Windows NT 10.0; Microsoft Windows 10.0.26100; en-MY) PowerShell/7.6.1", path_info: "/accounts/login/"}.
2026-06-08 10:14:50,687 INFO axes.handlers.database AXES: Cleaned up 0 expired access attempts from database that were older than 2026-06-08 01:44:50.625309+00:00
2026-06-08 10:14:50,694 INFO axes.handlers.database AXES: Reset 0 access attempts from database.
2026-06-08 10:14:50,694 INFO axes.handlers.database AXES: Deleted 0 failed login attempts by {username: "********************", ip_address: "********************", user_agent: "Mozilla/5.0 (Windows NT 10.0; Microsoft Windows 10.0.26100; en-MY) PowerShell/7.6.1", path_info: "/accounts/login/"} from database.
2026-06-08 10:15:34,955 INFO axes.apps AXES: BEGIN version 8.3.1, blocking by combination of ip_address and username
2026-06-08 10:15:35,453 INFO axes.apps AXES: BEGIN version 8.3.1, blocking by combination of ip_address and username
2026-06-08 10:15:35,932 INFO axes.apps AXES: BEGIN version 8.3.1, blocking by combination of ip_address and username
2026-06-08 10:15:36,289 INFO axes.handlers.database AXES: User login failed, running database handler for failure.
2026-06-08 10:15:36,290 INFO axes.handlers.database AXES: Cleaned up 0 expired access attempts from database that were older than 2026-06-08 01:45:36.255692+00:00
2026-06-08 10:15:36,291 WARNING axes.handlers.database AXES: New login failure by {username: "********************", ip_address: "********************", user_agent: "<unknown>", path_info: "/accounts/login/"}. Created new record in the database.
2026-06-08 10:15:36,379 INFO axes.handlers.database AXES: Successful login by {username: "********************", ip_address: "********************", user_agent: "<unknown>", path_info: "/accounts/login/"}.
2026-06-08 10:15:36,380 INFO axes.handlers.database AXES: Cleaned up 0 expired access attempts from database that were older than 2026-06-08 01:45:36.345272+00:00
2026-06-08 10:15:36,381 INFO axes.handlers.database AXES: Reset 0 access attempts from database.
2026-06-08 10:15:36,381 INFO axes.handlers.database AXES: Deleted 0 failed login attempts by {username: "********************", ip_address: "********************", user_agent: "<unknown>", path_info: "/accounts/login/"} from database.
2026-06-08 10:15:36,588 INFO axes.handlers.database AXES: Successful login by {username: "********************", ip_address: "********************", user_agent: "<unknown>", path_info: "<unknown>"}.
2026-06-08 10:15:36,589 INFO axes.handlers.database AXES: Cleaned up 0 expired access attempts from database that were older than 2026-06-08 01:45:36.588029+00:00
2026-06-08 10:15:36,589 INFO axes.handlers.database AXES: Reset 0 access attempts from database.
2026-06-08 10:15:36,590 INFO axes.handlers.database AXES: Deleted 0 failed login attempts by {username: "********************", ip_address: "********************", user_agent: "<unknown>", path_info: "<unknown>"} from database.
2026-06-08 10:15:36,737 INFO axes.handlers.database AXES: Successful login by {username: "********************", ip_address: "********************", user_agent: "<unknown>", path_info: "<unknown>"}.
2026-06-08 10:15:36,738 INFO axes.handlers.database AXES: Cleaned up 0 expired access attempts from database that were older than 2026-06-08 01:45:36.737029+00:00
2026-06-08 10:15:36,738 INFO axes.handlers.database AXES: Reset 0 access attempts from database.
2026-06-08 10:15:36,738 INFO axes.handlers.database AXES: Deleted 0 failed login attempts by {username: "********************", ip_address: "********************", user_agent: "<unknown>", path_info: "<unknown>"} from database.
2026-06-08 10:15:36,854 INFO axes.handlers.database AXES: Successful login by {username: "********************", ip_address: "********************", user_agent: "<unknown>", path_info: "<unknown>"}.
2026-06-08 10:15:36,854 INFO axes.handlers.database AXES: Cleaned up 0 expired access attempts from database that were older than 2026-06-08 01:45:36.854084+00:00
2026-06-08 10:15:36,855 INFO axes.handlers.database AXES: Reset 0 access attempts from database.
2026-06-08 10:15:36,855 INFO axes.handlers.database AXES: Deleted 0 failed login attempts by {username: "********************", ip_address: "********************", user_agent: "<unknown>", path_info: "<unknown>"} from database.
2026-06-08 10:15:36,957 INFO axes.handlers.database AXES: Successful login by {username: "********************", ip_address: "********************", user_agent: "<unknown>", path_info: "<unknown>"}.
2026-06-08 10:15:36,957 INFO axes.handlers.database AXES: Cleaned up 0 expired access attempts from database that were older than 2026-06-08 01:45:36.957431+00:00
2026-06-08 10:15:36,958 INFO axes.handlers.database AXES: Reset 0 access attempts from database.
2026-06-08 10:15:36,958 INFO axes.handlers.database AXES: Deleted 0 failed login attempts by {username: "********************", ip_address: "********************", user_agent: "<unknown>", path_info: "<unknown>"} from database.
2026-06-08 10:15:37,123 INFO axes.handlers.database AXES: Successful login by {username: "********************", ip_address: "********************", user_agent: "<unknown>", path_info: "<unknown>"}.
2026-06-08 10:15:37,123 INFO axes.handlers.database AXES: Cleaned up 0 expired access attempts from database that were older than 2026-06-08 01:45:37.123181+00:00
2026-06-08 10:15:37,124 INFO axes.handlers.database AXES: Reset 0 access attempts from database.
2026-06-08 10:15:37,124 INFO axes.handlers.database AXES: Deleted 0 failed login attempts by {username: "********************", ip_address: "********************", user_agent: "<unknown>", path_info: "<unknown>"} from database.
2026-06-08 10:15:37,202 INFO axes.handlers.database AXES: Successful login by {username: "********************", ip_address: "********************", user_agent: "<unknown>", path_info: "<unknown>"}.
2026-06-08 10:15:37,202 INFO axes.handlers.database AXES: Cleaned up 0 expired access attempts from database that were older than 2026-06-08 01:45:37.202496+00:00
2026-06-08 10:15:37,203 INFO axes.handlers.database AXES: Reset 0 access attempts from database.
2026-06-08 10:15:37,204 INFO axes.handlers.database AXES: Deleted 0 failed login attempts by {username: "********************", ip_address: "********************", user_agent: "<unknown>", path_info: "<unknown>"} from database.
2026-06-08 10:15:37,248 INFO axes.handlers.database AXES: Successful login by {username: "********************", ip_address: "********************", user_agent: "<unknown>", path_info: "<unknown>"}.
2026-06-08 10:15:37,249 INFO axes.handlers.database AXES: Cleaned up 0 expired access attempts from database that were older than 2026-06-08 01:45:37.248954+00:00
2026-06-08 10:15:37,250 INFO axes.handlers.database AXES: Reset 0 access attempts from database.
2026-06-08 10:15:37,250 INFO axes.handlers.database AXES: Deleted 0 failed login attempts by {username: "********************", ip_address: "********************", user_agent: "<unknown>", path_info: "<unknown>"} from database.
2026-06-08 10:15:37,323 INFO axes.handlers.database AXES: Successful login by {username: "********************", ip_address: "********************", user_agent: "<unknown>", path_info: "<unknown>"}.
2026-06-08 10:15:37,324 INFO axes.handlers.database AXES: Cleaned up 0 expired access attempts from database that were older than 2026-06-08 01:45:37.323894+00:00
2026-06-08 10:15:37,325 INFO axes.handlers.database AXES: Reset 0 access attempts from database.
2026-06-08 10:15:37,325 INFO axes.handlers.database AXES: Deleted 0 failed login attempts by {username: "********************", ip_address: "********************", user_agent: "<unknown>", path_info: "<unknown>"} from database.
2026-06-08 10:15:37,485 INFO axes.handlers.database AXES: Successful login by {username: "********************", ip_address: "********************", user_agent: "<unknown>", path_info: "<unknown>"}.
2026-06-08 10:15:37,486 INFO axes.handlers.database AXES: Cleaned up 0 expired access attempts from database that were older than 2026-06-08 01:45:37.485208+00:00
2026-06-08 10:15:37,486 INFO axes.handlers.database AXES: Reset 0 access attempts from database.
2026-06-08 10:15:37,486 INFO axes.handlers.database AXES: Deleted 0 failed login attempts by {username: "********************", ip_address: "********************", user_agent: "<unknown>", path_info: "<unknown>"} from database.
2026-06-08 13:22:11,661 INFO axes.apps AXES: BEGIN version 8.3.1, blocking by combination of ip_address and username
2026-06-08 13:22:12,575 INFO axes.apps AXES: BEGIN version 8.3.1, blocking by combination of ip_address and username
2026-06-08 13:26:55,586 INFO axes.handlers.database AXES: User login failed, running database handler for failure.
2026-06-08 13:26:55,588 INFO axes.handlers.database AXES: Cleaned up 0 expired access attempts from database that were older than 2026-06-08 04:56:55.528009+00:00
2026-06-08 13:26:55,595 WARNING axes.handlers.database AXES: New login failure by {username: "********************", ip_address: "********************", user_agent: "Mozilla/5.0 (Windows NT 10.0; Win64; x64) AppleWebKit/537.36 (KHTML, like Gecko) Chrome/149.0.0.0 Safari/537.36 Edg/149.0.0.0", path_info: "/accounts/login/"}. Created new record in the database.
2026-06-08 13:27:08,290 INFO axes.handlers.database AXES: User login failed, running database handler for failure.
2026-06-08 13:27:08,292 INFO axes.handlers.database AXES: Cleaned up 0 expired access attempts from database that were older than 2026-06-08 04:57:08.244770+00:00
2026-06-08 13:27:08,300 WARNING axes.handlers.database AXES: New login failure by {username: "********************", ip_address: "********************", user_agent: "Mozilla/5.0 (Windows NT 10.0; Win64; x64) AppleWebKit/537.36 (KHTML, like Gecko) Chrome/149.0.0.0 Safari/537.36 Edg/149.0.0.0", path_info: "/accounts/login/"}. Created new record in the database.
2026-06-08 13:30:29,226 INFO axes.handlers.database AXES: User login failed, running database handler for failure.
2026-06-08 13:30:29,228 INFO axes.handlers.database AXES: Cleaned up 0 expired access attempts from database that were older than 2026-06-08 05:00:29.173363+00:00
2026-06-08 13:30:29,236 WARNING axes.handlers.database AXES: Repeated login failure by {username: "********************", ip_address: "********************", user_agent: "Mozilla/5.0 (Windows NT 10.0; Win64; x64) AppleWebKit/537.36 (KHTML, like Gecko) Chrome/149.0.0.0 Safari/537.36 Edg/149.0.0.0", path_info: "/accounts/login/"}. Updated existing record in the database.
2026-06-08 13:31:28,312 INFO axes.handlers.database AXES: User login failed, running database handler for failure.
2026-06-08 13:31:28,314 INFO axes.handlers.database AXES: Cleaned up 0 expired access attempts from database that were older than 2026-06-08 05:01:28.253852+00:00
2026-06-08 13:31:28,323 WARNING axes.handlers.database AXES: Repeated login failure by {username: "********************", ip_address: "********************", user_agent: "Mozilla/5.0 (Windows NT 10.0; Win64; x64) AppleWebKit/537.36 (KHTML, like Gecko) Chrome/149.0.0.0 Safari/537.36 Edg/149.0.0.0", path_info: "/accounts/login/"}. Updated existing record in the database.
2026-06-08 13:31:37,972 INFO axes.handlers.database AXES: Successful login by {username: "********************", ip_address: "********************", user_agent: "Mozilla/5.0 (Windows NT 10.0; Win64; x64) AppleWebKit/537.36 (KHTML, like Gecko) Chrome/149.0.0.0 Safari/537.36 Edg/149.0.0.0", path_info: "/accounts/login/"}.
2026-06-08 13:31:37,973 INFO axes.handlers.database AXES: Cleaned up 0 expired access attempts from database that were older than 2026-06-08 05:01:37.914915+00:00
2026-06-08 13:31:37,979 INFO axes.handlers.database AXES: Reset 0 access attempts from database.
2026-06-08 13:31:37,980 INFO axes.handlers.database AXES: Deleted 0 failed login attempts by {username: "********************", ip_address: "********************", user_agent: "Mozilla/5.0 (Windows NT 10.0; Win64; x64) AppleWebKit/537.36 (KHTML, like Gecko) Chrome/149.0.0.0 Safari/537.36 Edg/149.0.0.0", path_info: "/accounts/login/"} from database.
2026-06-08 13:32:34,144 INFO axes.handlers.database AXES: Cleaned up 0 expired access attempts from database that were older than 2026-06-08 05:02:34.144311+00:00
2026-06-08 13:32:34,145 INFO axes.handlers.database AXES: Successful logout by {username: "********************", ip_address: "********************", user_agent: "Mozilla/5.0 (Windows NT 10.0; Win64; x64) AppleWebKit/537.36 (KHTML, like Gecko) Chrome/149.0.0.0 Safari/537.36 Edg/149.0.0.0", path_info: "/accounts/logout/"}.
2026-06-08 13:32:51,578 INFO axes.handlers.database AXES: Successful login by {username: "********************", ip_address: "********************", user_agent: "Mozilla/5.0 (Windows NT 10.0; Win64; x64) AppleWebKit/537.36 (KHTML, like Gecko) Chrome/149.0.0.0 Safari/537.36 Edg/149.0.0.0", path_info: "/accounts/login/"}.
2026-06-08 13:32:51,579 INFO axes.handlers.database AXES: Cleaned up 0 expired access attempts from database that were older than 2026-06-08 05:02:51.520754+00:00
2026-06-08 13:32:51,587 INFO axes.handlers.database AXES: Reset 0 access attempts from database.
2026-06-08 13:32:51,587 INFO axes.handlers.database AXES: Deleted 0 failed login attempts by {username: "********************", ip_address: "********************", user_agent: "Mozilla/5.0 (Windows NT 10.0; Win64; x64) AppleWebKit/537.36 (KHTML, like Gecko) Chrome/149.0.0.0 Safari/537.36 Edg/149.0.0.0", path_info: "/accounts/login/"} from database.
2026-06-08 13:46:02,009 INFO axes.handlers.database AXES: Cleaned up 0 expired access attempts from database that were older than 2026-06-08 05:16:02.009167+00:00
2026-06-08 13:46:02,009 INFO axes.handlers.database AXES: Successful logout by {username: "********************", ip_address: "********************", user_agent: "Mozilla/5.0 (Windows NT 10.0; Win64; x64) AppleWebKit/537.36 (KHTML, like Gecko) Chrome/149.0.0.0 Safari/537.36 Edg/149.0.0.0", path_info: "/accounts/logout/"}.
2026-06-08 13:46:40,059 INFO axes.handlers.database AXES: User login failed, running database handler for failure.
2026-06-08 13:46:40,061 INFO axes.handlers.database AXES: Cleaned up 0 expired access attempts from database that were older than 2026-06-08 05:16:40.021347+00:00
2026-06-08 13:46:40,068 WARNING axes.handlers.database AXES: New login failure by {username: "********************", ip_address: "********************", user_agent: "Mozilla/5.0 (Windows NT 10.0; Win64; x64) AppleWebKit/537.36 (KHTML, like Gecko) Chrome/149.0.0.0 Safari/537.36 Edg/149.0.0.0", path_info: "/accounts/login/"}. Created new record in the database.
2026-06-08 13:46:55,523 INFO axes.handlers.database AXES: Successful login by {username: "********************", ip_address: "********************", user_agent: "Mozilla/5.0 (Windows NT 10.0; Win64; x64) AppleWebKit/537.36 (KHTML, like Gecko) Chrome/149.0.0.0 Safari/537.36 Edg/149.0.0.0", path_info: "/accounts/login/"}.
2026-06-08 13:46:55,525 INFO axes.handlers.database AXES: Cleaned up 0 expired access attempts from database that were older than 2026-06-08 05:16:55.475853+00:00
2026-06-08 13:46:55,531 INFO axes.handlers.database AXES: Reset 0 access attempts from database.
2026-06-08 13:46:55,531 INFO axes.handlers.database AXES: Deleted 0 failed login attempts by {username: "********************", ip_address: "********************", user_agent: "Mozilla/5.0 (Windows NT 10.0; Win64; x64) AppleWebKit/537.36 (KHTML, like Gecko) Chrome/149.0.0.0 Safari/537.36 Edg/149.0.0.0", path_info: "/accounts/login/"} from database.
2026-06-08 13:47:52,441 INFO axes.handlers.database AXES: Cleaned up 0 expired access attempts from database that were older than 2026-06-08 05:17:52.441294+00:00
2026-06-08 13:47:52,441 INFO axes.handlers.database AXES: Successful logout by {username: "********************", ip_address: "********************", user_agent: "Mozilla/5.0 (Windows NT 10.0; Win64; x64) AppleWebKit/537.36 (KHTML, like Gecko) Chrome/149.0.0.0 Safari/537.36 Edg/149.0.0.0", path_info: "/accounts/logout/"}.
2026-06-08 13:48:13,500 INFO axes.handlers.database AXES: Successful login by {username: "********************", ip_address: "********************", user_agent: "Mozilla/5.0 (Windows NT 10.0; Win64; x64) AppleWebKit/537.36 (KHTML, like Gecko) Chrome/149.0.0.0 Safari/537.36 Edg/149.0.0.0", path_info: "/accounts/login/"}.
2026-06-08 13:48:13,501 INFO axes.handlers.database AXES: Cleaned up 0 expired access attempts from database that were older than 2026-06-08 05:18:13.449684+00:00
2026-06-08 13:48:13,508 INFO axes.handlers.database AXES: Reset 0 access attempts from database.
2026-06-08 13:48:13,509 INFO axes.handlers.database AXES: Deleted 0 failed login attempts by {username: "********************", ip_address: "********************", user_agent: "Mozilla/5.0 (Windows NT 10.0; Win64; x64) AppleWebKit/537.36 (KHTML, like Gecko) Chrome/149.0.0.0 Safari/537.36 Edg/149.0.0.0", path_info: "/accounts/login/"} from database.
2026-06-08 13:51:39,112 INFO axes.apps AXES: BEGIN version 8.3.1, blocking by combination of ip_address and username
2026-06-08 13:52:13,983 INFO axes.apps AXES: BEGIN version 8.3.1, blocking by combination of ip_address and username
2026-06-08 13:52:25,172 INFO axes.apps AXES: BEGIN version 8.3.1, blocking by combination of ip_address and username
2026-06-08 13:52:26,022 INFO axes.apps AXES: BEGIN version 8.3.1, blocking by combination of ip_address and username
2026-06-08 13:52:49,533 INFO axes.handlers.database AXES: Successful login by {username: "********************", ip_address: "********************", user_agent: "Mozilla/5.0 (Windows NT 10.0; Microsoft Windows 10.0.26100; en-MY) PowerShell/7.6.1", path_info: "/accounts/login/"}.
2026-06-08 13:52:49,535 INFO axes.handlers.database AXES: Cleaned up 0 expired access attempts from database that were older than 2026-06-08 05:22:49.453399+00:00
2026-06-08 13:52:49,542 INFO axes.handlers.database AXES: Reset 0 access attempts from database.
2026-06-08 13:52:49,543 INFO axes.handlers.database AXES: Deleted 0 failed login attempts by {username: "********************", ip_address: "********************", user_agent: "Mozilla/5.0 (Windows NT 10.0; Microsoft Windows 10.0.26100; en-MY) PowerShell/7.6.1", path_info: "/accounts/login/"} from database.
2026-06-08 14:24:26,073 INFO axes.apps AXES: BEGIN version 8.3.1, blocking by combination of ip_address and username
2026-06-08 14:24:26,944 INFO axes.apps AXES: BEGIN version 8.3.1, blocking by combination of ip_address and username
2026-06-08 14:24:48,141 INFO axes.handlers.database AXES: Successful login by {username: "********************", ip_address: "********************", user_agent: "Mozilla/5.0 (Windows NT 10.0; Win64; x64) AppleWebKit/537.36 (KHTML, like Gecko) Chrome/148.0.0.0 Safari/537.36", path_info: "/accounts/login/"}.
2026-06-08 14:24:48,147 INFO axes.handlers.database AXES: Cleaned up 3 expired access attempts from database that were older than 2026-06-08 05:54:48.089301+00:00
2026-06-08 14:24:48,154 INFO axes.handlers.database AXES: Reset 0 access attempts from database.
2026-06-08 14:24:48,155 INFO axes.handlers.database AXES: Deleted 0 failed login attempts by {username: "********************", ip_address: "********************", user_agent: "Mozilla/5.0 (Windows NT 10.0; Win64; x64) AppleWebKit/537.36 (KHTML, like Gecko) Chrome/148.0.0.0 Safari/537.36", path_info: "/accounts/login/"} from database.
